<?xml version="1.0" encoding="UTF-8"?>
<testsuite xmlns:xsi="http://www.w3.org/2001/XMLSchema-instance" xsi:noNamespaceSchemaLocation="https://maven.apache.org/surefire/maven-surefire-plugin/xsd/surefire-test-report-3.0.xsd" version="3.0" name="es.ull.utils.ExcelToolsTest" time="0.844" tests="6" errors="0" skipped="0" failures="0">
  <properties>
[...]
</properties>
  <testcase name="validCell" classname="es.ull.utils.ExcelToolsTest" time="0.825"/>
  <testcase name="getBoldFont" classname="es.ull.utils.ExcelToolsTest" time="0.003"/>
  <testcase name="getHeadStyle" classname="es.ull.utils.ExcelToolsTest" time="0.006"/>
  <testcase name="getString" classname="es.ull.utils.ExcelToolsTest" time="0.005"/>
  <testcase name="getErrorStyle" classname="es.ull.utils.ExcelToolsTest" time="0.001"/>
  <testcase name="testGetString" classname="es.ull.utils.ExcelToolsTest" time="0.001"/>
</testsuite>