<?xml version="1.0" encoding="UTF-8"?>
<testsuite xmlns:xsi="http://www.w3.org/2001/XMLSchema-instance" xsi:noNamespaceSchemaLocation="https://maven.apache.org/surefire/maven-surefire-plugin/xsd/surefire-test-report-3.0.xsd" version="3.0" name="es.ull.functions.LinearFunctionTest" time="0.011" tests="6" errors="0" skipped="0" failures="0">
  <properties>
[...]
</properties>
  <testcase name="setScale" classname="es.ull.functions.LinearFunctionTest" time="0.003"/>
  <testcase name="setShift" classname="es.ull.functions.LinearFunctionTest" time="0.001"/>
  <testcase name="SetParameters" classname="es.ull.functions.LinearFunctionTest" time="0.001"/>
  <testcase name="getScale" classname="es.ull.functions.LinearFunctionTest" time="0.0"/>
  <testcase name="getShift" classname="es.ull.functions.LinearFunctionTest" time="0.0"/>
  <testcase name="getValue" classname="es.ull.functions.LinearFunctionTest" time="0.0"/>
</testsuite>